2020-04-21 10:13:41.126 [INFO] [restartedMain] [com.miracle.TestplatformApplication.java:55] - Starting TestplatformApplication on PC-20190107VPUU with PID 7700 (E:\Code\testplatform\target\classes started by Administrator in E:\Code\testplatform) 
2020-04-21 10:13:41.137 [INFO] [restartedMain] [com.miracle.TestplatformApplication.java:651] - No active profile set, falling back to default profiles: default 
2020-04-21 10:13:41.200 [INFO] [restartedMain] [org.springframework.boot.devtools.env.DevToolsPropertyDefaultsPostProcessor.java:225] - Devtools property defaults active! Set 'spring.devtools.add-properties' to 'false' to disable 
2020-04-21 10:13:41.201 [INFO] [restartedMain] [org.springframework.boot.devtools.env.DevToolsPropertyDefaultsPostProcessor.java:225] - For additional web related logging consider setting the 'logging.level.web' property to 'DEBUG' 
2020-04-21 10:13:42.058 [INFO] [restartedMain] [org.springframework.context.support.PostProcessorRegistrationDelegate$BeanPostProcessorChecker.java:330] - Bean 'shiroConfig' of type [com.miracle.shiro.ShiroConfig$$EnhancerBySpringCGLIB$$81ffeae9] is not eligible for getting processed by all BeanPostProcessors (for example: not eligible for auto-proxying) 
2020-04-21 10:13:42.226 [INFO] [restartedMain] [org.springframework.context.support.PostProcessorRegistrationDelegate$BeanPostProcessorChecker.java:330] - Bean 'customRealm' of type [com.miracle.shiro.CustomRealm] is not eligible for getting processed by all BeanPostProcessors (for example: not eligible for auto-proxying) 
2020-04-21 10:13:42.230 [INFO] [restartedMain] [org.springframework.context.support.PostProcessorRegistrationDelegate$BeanPostProcessorChecker.java:330] - Bean 'securityManager' of type [org.apache.shiro.web.mgt.DefaultWebSecurityManager] is not eligible for getting processed by all BeanPostProcessors (for example: not eligible for auto-proxying) 
2020-04-21 10:13:42.276 [INFO] [restartedMain] [org.springframework.context.support.PostProcessorRegistrationDelegate$BeanPostProcessorChecker.java:330] - Bean 'authorizationAttributeSourceAdvisor' of type [org.apache.shiro.spring.security.interceptor.AuthorizationAttributeSourceAdvisor] is not eligible for getting processed by all BeanPostProcessors (for example: not eligible for auto-proxying) 
2020-04-21 10:13:42.556 [INFO] [restartedMain] [org.springframework.boot.web.embedded.tomcat.TomcatWebServer.java:92] - Tomcat initialized with port(s): 8080 (http) 
2020-04-21 10:13:42.565 [INFO] [restartedMain] [org.apache.catalina.core.StandardService.java:173] - Starting service [Tomcat] 
2020-04-21 10:13:42.565 [INFO] [restartedMain] [org.apache.catalina.core.StandardEngine.java:173] - Starting Servlet engine: [Apache Tomcat/9.0.33] 
2020-04-21 10:13:42.658 [INFO] [restartedMain] [org.apache.catalina.core.ContainerBase.[Tomcat].[localhost].[/].java:173] - Initializing Spring embedded WebApplicationContext 
2020-04-21 10:13:42.659 [INFO] [restartedMain] [org.springframework.web.context.ContextLoader.java:284] - Root WebApplicationContext: initialization completed in 1457 ms 
2020-04-21 10:13:43.222 [INFO] [restartedMain] [org.springframework.scheduling.concurrent.ThreadPoolTaskExecutor.java:181] - Initializing ExecutorService 'applicationTaskExecutor' 
2020-04-21 10:13:43.463 [INFO] [restartedMain] [org.springframework.boot.devtools.autoconfigure.OptionalLiveReloadServer.java:58] - LiveReload server is running on port 35729 
2020-04-21 10:13:43.513 [INFO] [restartedMain] [org.springframework.boot.web.embedded.tomcat.TomcatWebServer.java:204] - Tomcat started on port(s): 8080 (http) with context path '' 
2020-04-21 10:13:43.516 [INFO] [restartedMain] [com.miracle.TestplatformApplication.java:61] - Started TestplatformApplication in 2.878 seconds (JVM running for 3.615) 
2020-04-21 10:13:58.868 [INFO] [http-nio-8080-exec-1] [org.apache.catalina.core.ContainerBase.[Tomcat].[localhost].[/].java:173] - Initializing Spring DispatcherServlet 'dispatcherServlet' 
2020-04-21 10:13:58.868 [INFO] [http-nio-8080-exec-1] [org.springframework.web.servlet.DispatcherServlet.java:525] - Initializing Servlet 'dispatcherServlet' 
2020-04-21 10:13:58.875 [INFO] [http-nio-8080-exec-1] [org.springframework.web.servlet.DispatcherServlet.java:547] - Completed initialization in 7 ms 
2020-04-21 10:13:58.881 [INFO] [http-nio-8080-exec-1] [com.miracle.filter.WebConfiguration.java:52] - 请求URL:/test/order/getAllCustomer 
2020-04-21 10:13:58.914 [INFO] [http-nio-8080-exec-2] [com.miracle.filter.WebConfiguration.java:52] - 请求URL:/test/login;jsessionid=968A5A3C391DDAD4684E89D781939ADD 
2020-04-21 10:14:12.517 [INFO] [http-nio-8080-exec-3] [com.miracle.filter.WebConfiguration.java:52] - 请求URL:/test/login 
2020-04-21 10:14:12.522 [INFO] [http-nio-8080-exec-3] [com.miracle.shiro.CustomRealm.java:46] - 输入的用户名和密码为:userName=miracle,userPwd=123 
2020-04-21 10:14:12.538 [INFO] [http-nio-8080-exec-4] [com.miracle.filter.WebConfiguration.java:52] - 请求URL:/test/loginSuc;jsessionid=73AA1063CD301940F64C31ADCC7A13CB 
2020-04-21 10:14:12.545 [INFO] [http-nio-8080-exec-5] [com.miracle.filter.WebConfiguration.java:52] - 请求URL:/test/order/getAllCustomer 
2020-04-21 10:14:12.565 [INFO] [http-nio-8080-exec-5] [com.zaxxer.hikari.HikariDataSource.java:110] - HikariPool-1 - Starting... 
2020-04-21 10:14:12.685 [INFO] [http-nio-8080-exec-5] [com.zaxxer.hikari.HikariDataSource.java:123] - HikariPool-1 - Start completed. 
2020-04-21 10:14:12.784 [INFO] [http-nio-8080-exec-6] [com.miracle.filter.WebConfiguration.java:52] - 请求URL:/test/test/getAllTest 
2020-04-21 10:14:35.095 [INFO] [http-nio-8080-exec-8] [com.miracle.filter.WebConfiguration.java:52] - 请求URL:/test/test/getAllTest 
